<?xml version="1.0" encoding="UTF-8"?>
<testng-results ignored="0" total="1" passed="1" failed="0" skipped="0">
  <reporter-output>
    <line>
      <![CDATA[TC executed succsessfully]]>
    </line>
  </reporter-output>
  <suite started-at="2024-02-12T15:32:04 IST" name="Default suite" finished-at="2024-02-12T15:32:11 IST" duration-ms="6923">
    <groups>
    </groups>
    <test started-at="2024-02-12T15:32:04 IST" name="Default test" finished-at="2024-02-12T15:32:11 IST" duration-ms="6923">
      <class name="TestScript.AddScreenShotWithExtentReportTest">
        <test-method signature="openBrowser()[pri:0, instance:TestScript.AddScreenShotWithExtentReportTest@4d154ccd]" started-at="2024-02-12T15:32:04 IST" name="openBrowser" finished-at="2024-02-12T15:32:11 IST" duration-ms="6872" status="PASS">
          <reporter-output>
            <line>
              <![CDATA[TC executed succsessfully]]>
            </line>
          </reporter-output>
        </test-method> <!-- openBrowser -->
      </class> <!-- TestScript.AddScreenShotWithExtentReportTest -->
    </test> <!-- Default test -->
  </suite> <!-- Default suite -->
</testng-results>
